<?xml version="1.0" encoding="UTF-8"?>
<!-- Generated by org.testng.reporters.JUnitReportReporter -->
<testsuite hostname="Anus-MBP.attlocal.net" failures="0" tests="1" name="com.qa.tests.GoogleTest" time="9.351" errors="0" timestamp="2022-10-22T11:41:26 GMT-07:00" skipped="0">
  <testcase classname="com.qa.tests.GoogleTest" name="googleTitleTest" time="9.351"/>
  <system-out/>
</testsuite> <!-- com.qa.tests.GoogleTest -->
